2022-02-06 09:01:38,675 DEBUG - Starting WinSW in console mode
2022-02-06 09:01:38,697 INFO  - Installing service 'ToukApp (toukapp)'...
2022-02-06 09:01:38,706 FATAL - The configuration file cound not be loaded. <description> is missing in configuration XML
System.IO.InvalidDataException: <description> is missing in configuration XML
   at WinSW.XmlServiceConfig.SingleElement(String tagName, Boolean optional)
   at WinSW.XmlServiceConfig.SingleElement(String tagName)
   at WinSW.XmlServiceConfig.get_Description()
   at WinSW.Program.<Run>g__Install|5_0(<>c__DisplayClass5_0& )
   at WinSW.Program.Run(String[] argsArray, IServiceConfig config)
   at WinSW.Program.Main(String[] args)
2022-02-06 09:02:34,469 DEBUG - Starting WinSW in console mode
2022-02-06 09:02:34,490 INFO  - Installing service 'ToukApp (toukapp)'...
2022-02-06 09:02:34,496 ERROR - A service with ID 'toukapp' already exists.
2022-02-06 09:02:34,499 FATAL - Failed to install the service. Określona usługa już istnieje.
2022-02-06 09:03:56,081 DEBUG - Starting WinSW in console mode
2022-02-06 09:03:56,102 INFO  - Installing service 'ToukApp (toukapp)'...
2022-02-06 09:03:56,108 ERROR - A service with ID 'toukapp' already exists.
2022-02-06 09:03:56,110 FATAL - Failed to install the service. Określona usługa już istnieje.
2022-02-06 09:04:15,860 DEBUG - Starting WinSW in console mode
2022-02-06 09:04:15,881 INFO  - Installing service 'ToukApp (toukapp-service)'...
2022-02-06 09:04:15,890 FATAL - Failed to create service. Nazwa jest już w użyciu jako nazwa usługi lub nazwa wyświetlana usługi.
2022-02-06 09:04:24,511 DEBUG - Starting WinSW in console mode
2022-02-06 09:04:24,532 INFO  - Installing service 'ToukApp (toukapp-service)'...
2022-02-06 09:04:24,540 FATAL - Failed to create service. Nazwa jest już w użyciu jako nazwa usługi lub nazwa wyświetlana usługi.
2022-02-06 09:04:59,819 DEBUG - Starting WinSW in console mode
2022-02-06 09:04:59,840 INFO  - Installing service 'ToukApp (toukappservice-test)'...
2022-02-06 09:04:59,849 FATAL - Failed to create service. Nazwa jest już w użyciu jako nazwa usługi lub nazwa wyświetlana usługi.
2022-02-06 09:05:18,719 DEBUG - Starting WinSW in console mode
2022-02-06 09:05:18,740 INFO  - Installing service 'ToukApp Application (toukappservice-test)'...
2022-02-06 09:05:18,768 INFO  - Service 'ToukApp Application (toukappservice-test)' was installed successfully.
2022-02-06 09:05:41,973 DEBUG - Starting WinSW in console mode
2022-02-06 09:05:41,997 INFO  - Starting service 'ToukApp Application (toukappservice-test)'...
2022-02-06 09:05:42,285 DEBUG - Starting WinSW in service mode
2022-02-06 09:05:42,305 INFO  - Service 'ToukApp Application (toukappservice-test)' started successfully.
2022-02-06 09:05:42,367 INFO  - Starting C:\Users\annap\IdeaProjects\ToukApp\out\artifacts\ToukApp_jar\ToukApp -jar
2022-02-06 09:05:42,382 ERROR - Failed to start service.
System.ComponentModel.Win32Exception (2): Nie można odnaleźć określonego pliku.
   at System.Diagnostics.Process.StartWithCreateProcess(ProcessStartInfo startInfo)
   at System.Diagnostics.Process.StartCore(ProcessStartInfo startInfo)
   at System.Diagnostics.Process.Start()
   at WinSW.Util.ProcessHelper.StartProcessAndCallbackForExit(Process processToStart, String executable, String arguments, Dictionary`2 envVars, String workingDirectory, Nullable`1 priority, ProcessCompletionCallback callback, LogHandler logHandler, Boolean hideWindow)
   at WinSW.WrapperService.StartProcess(Process processToStart, String arguments, String executable, LogHandler logHandler)
   at WinSW.WrapperService.DoStart()
   at WinSW.WrapperService.OnStart(String[] args)
2022-02-06 09:06:01,961 DEBUG - Starting WinSW in console mode
2022-02-06 09:07:51,474 DEBUG - Starting WinSW in console mode
2022-02-06 09:07:51,497 INFO  - Stopping service 'ToukApp Application (toukappservice-test)'...
2022-02-06 09:07:51,510 INFO  - Service 'ToukApp Application (toukappservice-test)' has already stopped.
2022-02-06 09:07:56,147 DEBUG - Starting WinSW in console mode
2022-02-06 09:07:56,170 INFO  - Starting service 'ToukApp Application (toukappservice-test)'...
2022-02-06 09:07:56,437 DEBUG - Starting WinSW in service mode
2022-02-06 09:07:56,457 INFO  - Service 'ToukApp Application (toukappservice-test)' started successfully.
2022-02-06 09:07:56,517 INFO  - Starting C:\Users\annap\IdeaProjects\ToukApp\out\artifacts\ToukApp_jar\ToukApp -jar
2022-02-06 09:07:56,531 ERROR - Failed to start service.
System.ComponentModel.Win32Exception (2): Nie można odnaleźć określonego pliku.
   at System.Diagnostics.Process.StartWithCreateProcess(ProcessStartInfo startInfo)
   at System.Diagnostics.Process.StartCore(ProcessStartInfo startInfo)
   at System.Diagnostics.Process.Start()
   at WinSW.Util.ProcessHelper.StartProcessAndCallbackForExit(Process processToStart, String executable, String arguments, Dictionary`2 envVars, String workingDirectory, Nullable`1 priority, ProcessCompletionCallback callback, LogHandler logHandler, Boolean hideWindow)
   at WinSW.WrapperService.StartProcess(Process processToStart, String arguments, String executable, LogHandler logHandler)
   at WinSW.WrapperService.DoStart()
   at WinSW.WrapperService.OnStart(String[] args)
2022-02-06 09:08:02,351 DEBUG - Starting WinSW in console mode
2022-02-06 09:08:44,741 DEBUG - Starting WinSW in console mode
2022-02-06 09:08:49,078 DEBUG - Starting WinSW in console mode
2022-02-06 09:08:49,101 INFO  - Starting service 'ToukApp Application (toukappservice-test)'...
2022-02-06 09:08:49,363 DEBUG - Starting WinSW in service mode
2022-02-06 09:08:49,383 INFO  - Service 'ToukApp Application (toukappservice-test)' started successfully.
2022-02-06 09:08:49,444 INFO  - Starting C:\Users\annap\IdeaProjects\ToukApp\out\artifacts\ToukApp_jar\ToukApp -jar
2022-02-06 09:08:49,461 ERROR - Failed to start service.
System.ComponentModel.Win32Exception (2): Nie można odnaleźć określonego pliku.
   at System.Diagnostics.Process.StartWithCreateProcess(ProcessStartInfo startInfo)
   at System.Diagnostics.Process.StartCore(ProcessStartInfo startInfo)
   at System.Diagnostics.Process.Start()
   at WinSW.Util.ProcessHelper.StartProcessAndCallbackForExit(Process processToStart, String executable, String arguments, Dictionary`2 envVars, String workingDirectory, Nullable`1 priority, ProcessCompletionCallback callback, LogHandler logHandler, Boolean hideWindow)
   at WinSW.WrapperService.StartProcess(Process processToStart, String arguments, String executable, LogHandler logHandler)
   at WinSW.WrapperService.DoStart()
   at WinSW.WrapperService.OnStart(String[] args)
2022-02-06 09:09:52,949 DEBUG - Starting WinSW in console mode
2022-02-06 09:09:52,970 INFO  - Installing service 'ToukApp Application (toukappservice-test)'...
2022-02-06 09:09:52,976 ERROR - A service with ID 'toukappservice-test' already exists.
2022-02-06 09:09:52,979 FATAL - Failed to install the service. Określona usługa już istnieje.
2022-02-06 09:09:59,688 DEBUG - Starting WinSW in console mode
2022-02-06 09:09:59,710 INFO  - Starting service 'ToukApp Application (toukappservice-test)'...
2022-02-06 09:09:59,975 DEBUG - Starting WinSW in service mode
2022-02-06 09:09:59,995 INFO  - Service 'ToukApp Application (toukappservice-test)' started successfully.
2022-02-06 09:10:00,057 INFO  - Starting C:\Users\annap\IdeaProjects\ToukApp\out\artifacts\ToukApp_jar\ToukApp -jar
2022-02-06 09:10:00,072 ERROR - Failed to start service.
System.ComponentModel.Win32Exception (2): Nie można odnaleźć określonego pliku.
   at System.Diagnostics.Process.StartWithCreateProcess(ProcessStartInfo startInfo)
   at System.Diagnostics.Process.StartCore(ProcessStartInfo startInfo)
   at System.Diagnostics.Process.Start()
   at WinSW.Util.ProcessHelper.StartProcessAndCallbackForExit(Process processToStart, String executable, String arguments, Dictionary`2 envVars, String workingDirectory, Nullable`1 priority, ProcessCompletionCallback callback, LogHandler logHandler, Boolean hideWindow)
   at WinSW.WrapperService.StartProcess(Process processToStart, String arguments, String executable, LogHandler logHandler)
   at WinSW.WrapperService.DoStart()
   at WinSW.WrapperService.OnStart(String[] args)
2022-02-06 09:10:12,604 DEBUG - Starting WinSW in console mode
2022-02-06 09:24:51,208 DEBUG - Starting WinSW in console mode
2022-02-06 09:24:51,231 INFO  - Starting service 'ToukApp Application (toukappservice-test)'...
2022-02-06 09:24:51,505 DEBUG - Starting WinSW in service mode
2022-02-06 09:24:51,525 INFO  - Service 'ToukApp Application (toukappservice-test)' started successfully.
2022-02-06 09:24:51,585 INFO  - Starting C:\Users\annap\IdeaProjects\ToukApp\out\artifacts\ToukApp_jar\ToukApp -jar
2022-02-06 09:24:51,599 ERROR - Failed to start service.
System.ComponentModel.Win32Exception (2): Nie można odnaleźć określonego pliku.
   at System.Diagnostics.Process.StartWithCreateProcess(ProcessStartInfo startInfo)
   at System.Diagnostics.Process.StartCore(ProcessStartInfo startInfo)
   at System.Diagnostics.Process.Start()
   at WinSW.Util.ProcessHelper.StartProcessAndCallbackForExit(Process processToStart, String executable, String arguments, Dictionary`2 envVars, String workingDirectory, Nullable`1 priority, ProcessCompletionCallback callback, LogHandler logHandler, Boolean hideWindow)
   at WinSW.WrapperService.StartProcess(Process processToStart, String arguments, String executable, LogHandler logHandler)
   at WinSW.WrapperService.DoStart()
   at WinSW.WrapperService.OnStart(String[] args)
2022-02-06 09:24:55,728 DEBUG - Starting WinSW in console mode
2022-02-06 09:24:55,749 INFO  - Installing service 'ToukApp Application (toukappservice-test)'...
2022-02-06 09:24:55,755 ERROR - A service with ID 'toukappservice-test' already exists.
2022-02-06 09:24:55,758 FATAL - Failed to install the service. Określona usługa już istnieje.
2022-02-06 09:25:07,388 DEBUG - Starting WinSW in console mode
2022-02-06 09:25:10,044 DEBUG - Starting WinSW in console mode
2022-02-06 09:25:10,067 INFO  - Starting service 'ToukApp Application (toukappservice-test)'...
2022-02-06 09:25:10,334 DEBUG - Starting WinSW in service mode
2022-02-06 09:25:10,355 INFO  - Service 'ToukApp Application (toukappservice-test)' started successfully.
2022-02-06 09:25:10,420 INFO  - Starting C:\Users\annap\IdeaProjects\ToukApp\out\artifacts\ToukApp_jar\ToukApp -jar
2022-02-06 09:25:10,436 ERROR - Failed to start service.
System.ComponentModel.Win32Exception (2): Nie można odnaleźć określonego pliku.
   at System.Diagnostics.Process.StartWithCreateProcess(ProcessStartInfo startInfo)
   at System.Diagnostics.Process.StartCore(ProcessStartInfo startInfo)
   at System.Diagnostics.Process.Start()
   at WinSW.Util.ProcessHelper.StartProcessAndCallbackForExit(Process processToStart, String executable, String arguments, Dictionary`2 envVars, String workingDirectory, Nullable`1 priority, ProcessCompletionCallback callback, LogHandler logHandler, Boolean hideWindow)
   at WinSW.WrapperService.StartProcess(Process processToStart, String arguments, String executable, LogHandler logHandler)
   at WinSW.WrapperService.DoStart()
   at WinSW.WrapperService.OnStart(String[] args)
2022-02-06 09:58:10,770 DEBUG - Starting WinSW in console mode
2022-02-06 09:58:10,791 INFO  - Installing service 'ToukApp Application (toukappservice-test)'...
2022-02-06 09:58:10,796 ERROR - A service with ID 'toukappservice-test' already exists.
2022-02-06 09:58:10,800 FATAL - Failed to install the service. Określona usługa już istnieje.
2022-02-06 09:58:16,810 DEBUG - Starting WinSW in console mode
2022-02-06 09:58:16,833 INFO  - Starting service 'ToukApp Application (toukappservice-test)'...
2022-02-06 09:58:17,111 DEBUG - Starting WinSW in service mode
2022-02-06 09:58:17,131 INFO  - Service 'ToukApp Application (toukappservice-test)' started successfully.
2022-02-06 09:58:17,191 INFO  - Starting C:\Users\annap\IdeaProjects\ToukApp\out\artifacts\ToukApp_jar\ToukApp -jar
2022-02-06 09:58:17,206 ERROR - Failed to start service.
System.ComponentModel.Win32Exception (2): Nie można odnaleźć określonego pliku.
   at System.Diagnostics.Process.StartWithCreateProcess(ProcessStartInfo startInfo)
   at System.Diagnostics.Process.StartCore(ProcessStartInfo startInfo)
   at System.Diagnostics.Process.Start()
   at WinSW.Util.ProcessHelper.StartProcessAndCallbackForExit(Process processToStart, String executable, String arguments, Dictionary`2 envVars, String workingDirectory, Nullable`1 priority, ProcessCompletionCallback callback, LogHandler logHandler, Boolean hideWindow)
   at WinSW.WrapperService.StartProcess(Process processToStart, String arguments, String executable, LogHandler logHandler)
   at WinSW.WrapperService.DoStart()
   at WinSW.WrapperService.OnStart(String[] args)
2022-02-06 09:58:22,009 DEBUG - Starting WinSW in console mode
2022-02-06 09:58:22,032 INFO  - Stopping service 'ToukApp Application (toukappservice-test)'...
2022-02-06 09:58:22,044 INFO  - Service 'ToukApp Application (toukappservice-test)' has already stopped.
2022-02-06 09:58:27,856 DEBUG - Starting WinSW in console mode
2022-02-06 09:58:27,876 INFO  - Uninstalling service 'ToukApp Application (toukappservice-test)'...
2022-02-06 09:58:27,883 INFO  - Service 'ToukApp Application (toukappservice-test)' was uninstalled successfully.
2022-02-06 09:58:34,385 DEBUG - Starting WinSW in console mode
2022-02-06 09:58:34,408 INFO  - Installing service 'ToukApp Application (toukappservice-test)'...
2022-02-06 09:58:34,424 INFO  - Service 'ToukApp Application (toukappservice-test)' was installed successfully.
2022-02-06 09:58:38,045 DEBUG - Starting WinSW in console mode
2022-02-06 09:58:38,068 INFO  - Starting service 'ToukApp Application (toukappservice-test)'...
2022-02-06 09:58:38,316 DEBUG - Starting WinSW in service mode
2022-02-06 09:58:38,336 INFO  - Service 'ToukApp Application (toukappservice-test)' started successfully.
2022-02-06 09:58:38,396 INFO  - Starting C:\Users\annap\IdeaProjects\ToukApp\out\artifacts\ToukApp_jar\ToukApp -jar
2022-02-06 09:58:38,410 ERROR - Failed to start service.
System.ComponentModel.Win32Exception (2): Nie można odnaleźć określonego pliku.
   at System.Diagnostics.Process.StartWithCreateProcess(ProcessStartInfo startInfo)
   at System.Diagnostics.Process.StartCore(ProcessStartInfo startInfo)
   at System.Diagnostics.Process.Start()
   at WinSW.Util.ProcessHelper.StartProcessAndCallbackForExit(Process processToStart, String executable, String arguments, Dictionary`2 envVars, String workingDirectory, Nullable`1 priority, ProcessCompletionCallback callback, LogHandler logHandler, Boolean hideWindow)
   at WinSW.WrapperService.StartProcess(Process processToStart, String arguments, String executable, LogHandler logHandler)
   at WinSW.WrapperService.DoStart()
   at WinSW.WrapperService.OnStart(String[] args)
2022-02-06 09:58:42,694 DEBUG - Starting WinSW in console mode
2022-02-06 10:37:46,137 DEBUG - Starting WinSW in console mode
2022-02-06 10:37:46,158 INFO  - Installing service 'ToukApp Application (toukappservice-test)'...
2022-02-06 10:37:46,164 ERROR - A service with ID 'toukappservice-test' already exists.
2022-02-06 10:37:46,167 FATAL - Failed to install the service. Określona usługa już istnieje.
2022-02-06 10:37:52,753 DEBUG - Starting WinSW in console mode
2022-02-06 10:37:52,776 INFO  - Uninstalling service 'ToukApp Application (toukappservice-test)'...
2022-02-06 10:37:52,782 INFO  - Service 'ToukApp Application (toukappservice-test)' was uninstalled successfully.
2022-02-06 10:37:54,805 DEBUG - Starting WinSW in console mode
2022-02-06 10:37:54,826 INFO  - Installing service 'ToukApp Application (toukappservice-test)'...
2022-02-06 10:37:54,846 INFO  - Service 'ToukApp Application (toukappservice-test)' was installed successfully.
2022-02-06 10:38:00,104 DEBUG - Starting WinSW in console mode
2022-02-06 10:38:00,127 INFO  - Starting service 'ToukApp Application (toukappservice-test)'...
2022-02-06 10:38:00,397 DEBUG - Starting WinSW in service mode
2022-02-06 10:38:00,418 INFO  - Service 'ToukApp Application (toukappservice-test)' started successfully.
2022-02-06 10:38:00,479 INFO  - Starting C:\Users\annap\IdeaProjects\ToukApp\target\ToukApp-0.0.1-SNAPSHOT -jar
2022-02-06 10:38:00,494 ERROR - Failed to start service.
System.ComponentModel.Win32Exception (2): Nie można odnaleźć określonego pliku.
   at System.Diagnostics.Process.StartWithCreateProcess(ProcessStartInfo startInfo)
   at System.Diagnostics.Process.StartCore(ProcessStartInfo startInfo)
   at System.Diagnostics.Process.Start()
   at WinSW.Util.ProcessHelper.StartProcessAndCallbackForExit(Process processToStart, String executable, String arguments, Dictionary`2 envVars, String workingDirectory, Nullable`1 priority, ProcessCompletionCallback callback, LogHandler logHandler, Boolean hideWindow)
   at WinSW.WrapperService.StartProcess(Process processToStart, String arguments, String executable, LogHandler logHandler)
   at WinSW.WrapperService.DoStart()
   at WinSW.WrapperService.OnStart(String[] args)
2022-02-06 10:38:04,793 DEBUG - Starting WinSW in console mode
2022-02-06 13:14:10,917 DEBUG - Starting WinSW in console mode
2022-02-06 13:14:17,683 DEBUG - Starting WinSW in console mode
2022-02-06 13:14:17,716 INFO  - Uninstalling service 'ToukApp Application (toukappservice-test)'...
2022-02-06 13:14:17,728 INFO  - Service 'ToukApp Application (toukappservice-test)' was uninstalled successfully.
